0 silly argv {
0 silly argv   _: [ 'run' ],
0 silly argv   lernaVersion: '5.5.1',
0 silly argv   '$0': '/Users/noahvanos/astrosaurus/node_modules/.bin/lerna',
0 silly argv   script: 'prepare'
0 silly argv }
1 notice cli v5.5.1
2 verbose rootPath /Users/noahvanos/astrosaurus
3 error JSONError: Unexpected string in JSON at position 95 while parsing '{  "name": "astrosaurus",  "type": "mo' in astrosaurus/package.json
3 error
3 error [0m [90m 4 |[39m   [32m"version"[39m[33m:[39m [32m"0.0.2"[39m[33m,[39m[0m
3 error [0m [90m 5 |[39m   [32m"main"[39m[33m:[39m [32m"./src/index"[39m[0m
3 error [0m[31m[1m>[22m[39m[90m 6 |[39m   [32m"scripts"[39m[33m:[39m {[0m
3 error [0m [90m   |[39m   [31m[1m^[22m[39m[0m
3 error [0m [90m 7 |[39m     [32m"prepare"[39m[33m:[39m [32m"tsc "[39m[33m,[39m[0m
3 error [0m [90m 8 |[39m     [32m"prepublish"[39m[33m:[39m [32m"tailwindcss build src/styles.css -o public/styles.css"[39m[0m
3 error [0m [90m 9 |[39m   }[33m,[39m[0m
3 error
3 error     at parseJson (/Users/noahvanos/astrosaurus/node_modules/parse-json/index.js:29:21)
3 error     at parse (/Users/noahvanos/astrosaurus/node_modules/load-json-file/index.js:15:9)
3 error     at module.exports (/Users/noahvanos/astrosaurus/node_modules/load-json-file/index.js:18:47)
